Flow report for Proyecto_general
Thu Nov 16 16:55:59 2023
Quartus II 64-Bit Version 13.1.0 Build 162 10/23/2013 SJ Web Edition


---------------------
; Table of Contents ;
---------------------
  1. Legal Notice
  2. Flow Summary
  3. Flow Settings
  4. Flow Non-Default Global Settings
  5. Flow Elapsed Time
  6. Flow OS Summary
  7. Flow Log
  8. Flow Messages
  9. Flow Suppressed Messages



----------------
; Legal Notice ;
----------------
Copyright (C) 1991-2013 Altera Corporation
Your use of Altera Corporation's design tools, logic functions 
and other software and tools, and its AMPP partner logic 
functions, and any output files from any of the foregoing 
(including device programming or simulation files), and any 
associated documentation or information are expressly subject 
to the terms and conditions of the Altera Program License 
Subscription Agreement, Altera MegaCore Function License 
Agreement, or other applicable license agreement, including, 
without limitation, that your use is for the sole purpose of 
programming logic devices manufactured by Altera and sold by 
Altera or its authorized distributors.  Please refer to the 
applicable agreement for further details.



+---------------------------------------------------------------------------------+
; Flow Summary                                                                    ;
+------------------------------------+--------------------------------------------+
; Flow Status                        ; Successful - Thu Nov 16 16:55:52 2023      ;
; Quartus II 64-Bit Version          ; 13.1.0 Build 162 10/23/2013 SJ Web Edition ;
; Revision Name                      ; Proyecto_general                           ;
; Top-level Entity Name              ; Subgrupo-B                                 ;
; Family                             ; Cyclone IV E                               ;
; Device                             ; EP4CE22F17C6                               ;
; Timing Models                      ; Final                                      ;
; Total logic elements               ; 675 / 22,320 ( 3 % )                       ;
;     Total combinational functions  ; 668 / 22,320 ( 3 % )                       ;
;     Dedicated logic registers      ; 100 / 22,320 ( < 1 % )                     ;
; Total registers                    ; 100                                        ;
; Total pins                         ; 34 / 154 ( 22 % )                          ;
; Total virtual pins                 ; 0                                          ;
; Total memory bits                  ; 0 / 608,256 ( 0 % )                        ;
; Embedded Multiplier 9-bit elements ; 0 / 132 ( 0 % )                            ;
; Total PLLs                         ; 0 / 4 ( 0 % )                              ;
+------------------------------------+--------------------------------------------+


+-----------------------------------------+
; Flow Settings                           ;
+-------------------+---------------------+
; Option            ; Setting             ;
+-------------------+---------------------+
; Start date & time ; 11/16/2023 16:55:27 ;
; Main task         ; Compilation         ;
; Revision Name     ; Proyecto_general    ;
+-------------------+---------------------+


+---------------------------------------------------------------------------------------------------------------------+
; Flow Non-Default Global Settings                                                                                    ;
+-------------------------------------+---------------------------------+------------------+-------------+------------+
; Assignment Name                     ; Value                           ; Default Value    ; Entity Name ; Section Id ;
+-------------------------------------+---------------------------------+------------------+-------------+------------+
; COMPILER_SIGNATURE_ID               ; 102021904121641.170016452710812 ; --               ; --          ; --         ;
; IP_TOOL_NAME                        ; LPM_COUNTER                     ; --               ; --          ; --         ;
; IP_TOOL_NAME                        ; LPM_DIVIDE                      ; --               ; --          ; --         ;
; IP_TOOL_VERSION                     ; 13.1                            ; --               ; --          ; --         ;
; IP_TOOL_VERSION                     ; 13.1                            ; --               ; --          ; --         ;
; MAX_CORE_JUNCTION_TEMP              ; 85                              ; --               ; --          ; --         ;
; MIN_CORE_JUNCTION_TEMP              ; 0                               ; --               ; --          ; --         ;
; MISC_FILE                           ; lpm_counter0.bsf                ; --               ; --          ; --         ;
; MISC_FILE                           ; lpm_counter0.cmp                ; --               ; --          ; --         ;
; MISC_FILE                           ; lpm_divide0.bsf                 ; --               ; --          ; --         ;
; MISC_FILE                           ; lpm_divide0.cmp                 ; --               ; --          ; --         ;
; PARTITION_COLOR                     ; 16764057                        ; --               ; Subgrupo-B  ; Top        ;
; PARTITION_FITTER_PRESERVATION_LEVEL ; PLACEMENT_AND_ROUTING           ; --               ; Subgrupo-B  ; Top        ;
; PARTITION_NETLIST_TYPE              ; SOURCE                          ; --               ; Subgrupo-B  ; Top        ;
; PROJECT_OUTPUT_DIRECTORY            ; output_files                    ; --               ; --          ; --         ;
; TOP_LEVEL_ENTITY                    ; Subgrupo-B                      ; Proyecto_general ; --          ; --         ;
+-------------------------------------+---------------------------------+------------------+-------------+------------+


+-------------------------------------------------------------------------------------------------------------------------------+
; Flow Elapsed Time                                                                                                             ;
+---------------------------+--------------+-------------------------+---------------------+------------------------------------+
; Module Name               ; Elapsed Time ; Average Processors Used ; Peak Virtual Memory ; Total CPU Time (on all processors) ;
+---------------------------+--------------+-------------------------+---------------------+------------------------------------+
; Analysis & Synthesis      ; 00:00:05     ; 1.0                     ; 4687 MB             ; 00:00:06                           ;
; Fitter                    ; 00:00:13     ; 1.2                     ; 5196 MB             ; 00:00:14                           ;
; Assembler                 ; 00:00:02     ; 1.0                     ; 4585 MB             ; 00:00:02                           ;
; TimeQuest Timing Analyzer ; 00:00:05     ; 1.0                     ; 4679 MB             ; 00:00:04                           ;
; Total                     ; 00:00:25     ; --                      ; --                  ; 00:00:26                           ;
+---------------------------+--------------+-------------------------+---------------------+------------------------------------+


+----------------------------------------------------------------------------------------+
; Flow OS Summary                                                                        ;
+---------------------------+------------------+-----------+------------+----------------+
; Module Name               ; Machine Hostname ; OS Name   ; OS Version ; Processor type ;
+---------------------------+------------------+-----------+------------+----------------+
; Analysis & Synthesis      ; DESKTOP-HLMRM3B  ; Windows 7 ; 6.2        ; x86_64         ;
; Fitter                    ; DESKTOP-HLMRM3B  ; Windows 7 ; 6.2        ; x86_64         ;
; Assembler                 ; DESKTOP-HLMRM3B  ; Windows 7 ; 6.2        ; x86_64         ;
; TimeQuest Timing Analyzer ; DESKTOP-HLMRM3B  ; Windows 7 ; 6.2        ; x86_64         ;
+---------------------------+------------------+-----------+------------+----------------+


------------
; Flow Log ;
------------
quartus_map --read_settings_files=on --write_settings_files=off Proyecto_general -c Proyecto_general
quartus_fit --read_settings_files=off --write_settings_files=off Proyecto_general -c Proyecto_general
quartus_asm --read_settings_files=off --write_settings_files=off Proyecto_general -c Proyecto_general
quartus_sta Proyecto_general -c Proyecto_general



